<?xml version="1.0" encoding="UTF-8"?>
<!-- Generated by org.testng.reporters.JUnitXMLReporter -->
<testsuite hostname="HUKULKAR-LAP" name="AdidasUIChromeTests" tests="2" failures="0" timestamp="29 Dec 2017 16:40:23 GMT" time="65.341" errors="0">
  <testcase name="AdidasUI_Men_Jerseys_VerifyFirstProductSelectionAndPriceTest" time="36.144" classname="AdidasUI.AdidasUITest"/>
  <testcase name="AdidasUI_Verify_Empty_Bag" time="3.604" classname="AdidasUI.AdidasUITest"/>
</testsuite> <!-- AdidasUIChromeTests -->
