<?xml version="1.0" encoding="UTF-8"?>
<!-- Generated by org.testng.reporters.JUnitXMLReporter -->
<testsuite hostname="HUKULKAR-LAP" name="AdidasUITests" tests="4" failures="0" timestamp="26 Dec 2017 08:59:25 GMT" time="203.472" errors="0">
  <testcase name="Men_Jerseys_VerifyProductItemAndPriceTest" time="14.568" classname="AdidasUI.AdidasUITest"/>
  <testcase name="Men_Jerseys_VerifyProductItemAndPriceTest" time="14.825" classname="AdidasUI.AdidasUITest"/>
  <testcase name="Men_Jerseys_VerifyProductItemAndPriceInOrderSummaryAndViewBag" time="38.218" classname="AdidasUI.AdidasUITest"/>
  <testcase name="Men_Jerseys_VerifyProductItemAndPriceInOrderSummaryAndViewBag" time="35.176" classname="AdidasUI.AdidasUITest"/>
</testsuite> <!-- AdidasUITests -->
