<?xml version="1.0" encoding="UTF-8"?>
<!-- Generated by org.testng.reporters.JUnitXMLReporter -->
<testsuite hostname="Megha-PC" name="AdidasUIFirefoxTests" tests="2" failures="0" timestamp="28 Dec 2017 16:04:45 GMT" time="49.647" errors="0">
  <testcase name="@BeforeMethod beforeMethod" time="0.0" classname="AdidasUI.AdidasUITest">
    <failure type="org.openqa.selenium.WebDriverException" message="Failed to connect to binary FirefoxBinary(C:\Program Files (x86)\Mozilla Firefox\firefox.exe) on port 7055; process output follows: 
 Firefox\browser\features\activity-stream@mozilla.org.xpi
1514477054554	addons.xpi	INFO	Mapping aushelper@mozilla.org to C:\Program Files (x86)\Mozilla Firefox\browser\features\aushelper@mozilla.org.xpi
1514477054554	addons.xpi	INFO	Mapping e10srollout@mozilla.org to C:\Program Files (x86)\Mozilla Firefox\browser\features\e10srollout@mozilla.org.xpi
1514477054554	addons.xpi	INFO	Mapping firefox@getpocket.com to C:\Program Files (x86)\Mozilla Firefox\browser\features\firefox@getpocket.com.xpi
1514477054554	addons.xpi	INFO	Mapping followonsearch@mozilla.com to C:\Program Files (x86)\Mozilla Firefox\browser\features\followonsearch@mozilla.com.xpi
1514477054554	addons.xpi	INFO	Mapping formautofill@mozilla.org to C:\Program Files (x86)\Mozilla Firefox\browser\features\formautofill@mozilla.org.xpi
1514477054555	addons.xpi	INFO	Mapping onboarding@mozilla.org to C:\Program Files (x86)\Mozilla Firefox\browser\features\onboarding@mozilla.org.xpi
1514477054555	addons.xpi	INFO	Mapping screenshots@mozilla.org to C:\Program Files (x86)\Mozilla Firefox\browser\features\screenshots@mozilla.org.xpi
1514477054555	addons.xpi	INFO	Mapping shield-recipe-client@mozilla.org to C:\Program Files (x86)\Mozilla Firefox\browser\features\shield-recipe-client@mozilla.org.xpi
1514477054556	addons.xpi	INFO	Mapping webcompat@mozilla.org to C:\Program Files (x86)\Mozilla Firefox\browser\features\webcompat@mozilla.org.xpi
1514477054557	addons.xpi	DEBUG	Existing add-on activity-stream@mozilla.org in app-system-defaults
1514477054558	addons.xpi	DEBUG	Existing add-on aushelper@mozilla.org in app-system-defaults
1514477054559	addons.xpi	DEBUG	Existing add-on e10srollout@mozilla.org in app-system-defaults
1514477054560	addons.xpi	DEBUG	Existing add-on firefox@getpocket.com in app-system-defaults
1514477054561	addons.xpi	DEBUG	Existing add-on followonsearch@mozilla.com in app-system-defaults
1514477054561	addons.xpi	DEBUG	Existing add-on formautofill@mozilla.org in app-system-defaults
1514477054561	addons.xpi	DEBUG	Existing add-on onboarding@mozilla.org in app-system-defaults
1514477054562	addons.xpi	DEBUG	Existing add-on screenshots@mozilla.org in app-system-defaults
1514477054562	addons.xpi	DEBUG	Existing add-on shield-recipe-client@mozilla.org in app-system-defaults
1514477054563	addons.xpi	DEBUG	Existing add-on webcompat@mozilla.org in app-system-defaults
1514477054565	addons.xpi	INFO	Mapping {972ce4c6-7e08-4474-a285-3208198ce6fd} to C:\Program Files (x86)\Mozilla Firefox\browser\extensions\{972ce4c6-7e08-4474-a285-3208198ce6fd}.xpi
1514477054565	addons.xpi	DEBUG	Existing add-on {972ce4c6-7e08-4474-a285-3208198ce6fd} in app-global
1514477054566	addons.xpi	DEBUG	getInstallState changed: false, state: {}
Unable to read VR Path Registry from C:\Users\Magha\AppData\Local\openvr\openvrpaths.vrpath
JavaScript error: jar:file:///C:/Program%20Files%20(x86)/Mozilla%20Firefox/omni.ja!/components/nsSearchService.js, line 1748: NS_ERROR_NOT_AVAILABLE: Component returned failure code: 0x80040111 (NS_ERROR_NOT_AVAILABLE) [nsIChannel.contentType]
[Parent 5428, Gecko_IOThread] WARNING: pipe error: 109: file z:/build/build/src/ipc/chromium/src/chrome/common/ipc_channel_win.cc, line 346
Unable to read VR Path Registry from C:\Users\Magha\AppData\Local\openvr\openvrpaths.vrpath
[Child 6872, Chrome_ChildThread] WARNING: pipe error: 109: file z:/build/build/src/ipc/chromium/src/chrome/common/ipc_channel_win.cc, line 346
[Child 6872, Chrome_ChildThread] WARNING: pipe error: 109: file z:/build/build/src/ipc/chromium/src/chrome/common/ipc_channel_win.cc, line 346
1514477081849	addons.productaddons	INFO	sending request to: https://aus5.mozilla.org/update/3/GMP/57.0/20171112125346/WINNT_x86_64-msvc-x64/en-US/release-cck-mozilla80/Windows_NT%206.1.1.0%20(x64)/mozilla80/1.0/update.xml
1514477082978	addons.productaddons	INFO	Completed downloading document
1514477083767	addons.productaddons	INFO	downloadXHR File download. status=200
1514477083785	addons.productaddons	INFO	Downloaded file will be saved to C:\Users\Magha\AppData\Local\Temp\tmpaddon-78b5f8

Build info: version: &amp;apos;2.53.0&amp;apos;, revision: &amp;apos;35ae25b&amp;apos;, time: &amp;apos;2016-03-15 16:57:40&amp;apos;
System info: host: &amp;apos;Megha-PC&amp;apos;, ip: &amp;apos;192.168.43.11&amp;apos;, os.name: &amp;apos;Windows 7&amp;apos;, os.arch: &amp;apos;amd64&amp;apos;, os.version: &amp;apos;6.1&amp;apos;, java.version: &amp;apos;1.8.0_151&amp;apos;
Driver info: driver.version: FirefoxDriver">
      <![CDATA[org.openqa.selenium.WebDriverException: Failed to connect to binary FirefoxBinary(C:\Program Files (x86)\Mozilla Firefox\firefox.exe) on port 7055; process output follows: 
 Firefox\browser\features\activity-stream@mozilla.org.xpi
1514477054554	addons.xpi	INFO	Mapping aushelper@mozilla.org to C:\Program Files (x86)\Mozilla Firefox\browser\features\aushelper@mozilla.org.xpi
1514477054554	addons.xpi	INFO	Mapping e10srollout@mozilla.org to C:\Program Files (x86)\Mozilla Firefox\browser\features\e10srollout@mozilla.org.xpi
1514477054554	addons.xpi	INFO	Mapping firefox@getpocket.com to C:\Program Files (x86)\Mozilla Firefox\browser\features\firefox@getpocket.com.xpi
1514477054554	addons.xpi	INFO	Mapping followonsearch@mozilla.com to C:\Program Files (x86)\Mozilla Firefox\browser\features\followonsearch@mozilla.com.xpi
1514477054554	addons.xpi	INFO	Mapping formautofill@mozilla.org to C:\Program Files (x86)\Mozilla Firefox\browser\features\formautofill@mozilla.org.xpi
1514477054555	addons.xpi	INFO	Mapping onboarding@mozilla.org to C:\Program Files (x86)\Mozilla Firefox\browser\features\onboarding@mozilla.org.xpi
1514477054555	addons.xpi	INFO	Mapping screenshots@mozilla.org to C:\Program Files (x86)\Mozilla Firefox\browser\features\screenshots@mozilla.org.xpi
1514477054555	addons.xpi	INFO	Mapping shield-recipe-client@mozilla.org to C:\Program Files (x86)\Mozilla Firefox\browser\features\shield-recipe-client@mozilla.org.xpi
1514477054556	addons.xpi	INFO	Mapping webcompat@mozilla.org to C:\Program Files (x86)\Mozilla Firefox\browser\features\webcompat@mozilla.org.xpi
1514477054557	addons.xpi	DEBUG	Existing add-on activity-stream@mozilla.org in app-system-defaults
1514477054558	addons.xpi	DEBUG	Existing add-on aushelper@mozilla.org in app-system-defaults
1514477054559	addons.xpi	DEBUG	Existing add-on e10srollout@mozilla.org in app-system-defaults
1514477054560	addons.xpi	DEBUG	Existing add-on firefox@getpocket.com in app-system-defaults
1514477054561	addons.xpi	DEBUG	Existing add-on followonsearch@mozilla.com in app-system-defaults
1514477054561	addons.xpi	DEBUG	Existing add-on formautofill@mozilla.org in app-system-defaults
1514477054561	addons.xpi	DEBUG	Existing add-on onboarding@mozilla.org in app-system-defaults
1514477054562	addons.xpi	DEBUG	Existing add-on screenshots@mozilla.org in app-system-defaults
1514477054562	addons.xpi	DEBUG	Existing add-on shield-recipe-client@mozilla.org in app-system-defaults
1514477054563	addons.xpi	DEBUG	Existing add-on webcompat@mozilla.org in app-system-defaults
1514477054565	addons.xpi	INFO	Mapping {972ce4c6-7e08-4474-a285-3208198ce6fd} to C:\Program Files (x86)\Mozilla Firefox\browser\extensions\{972ce4c6-7e08-4474-a285-3208198ce6fd}.xpi
1514477054565	addons.xpi	DEBUG	Existing add-on {972ce4c6-7e08-4474-a285-3208198ce6fd} in app-global
1514477054566	addons.xpi	DEBUG	getInstallState changed: false, state: {}
Unable to read VR Path Registry from C:\Users\Magha\AppData\Local\openvr\openvrpaths.vrpath
JavaScript error: jar:file:///C:/Program%20Files%20(x86)/Mozilla%20Firefox/omni.ja!/components/nsSearchService.js, line 1748: NS_ERROR_NOT_AVAILABLE: Component returned failure code: 0x80040111 (NS_ERROR_NOT_AVAILABLE) [nsIChannel.contentType]
[Parent 5428, Gecko_IOThread] WARNING: pipe error: 109: file z:/build/build/src/ipc/chromium/src/chrome/common/ipc_channel_win.cc, line 346
Unable to read VR Path Registry from C:\Users\Magha\AppData\Local\openvr\openvrpaths.vrpath
[Child 6872, Chrome_ChildThread] WARNING: pipe error: 109: file z:/build/build/src/ipc/chromium/src/chrome/common/ipc_channel_win.cc, line 346
[Child 6872, Chrome_ChildThread] WARNING: pipe error: 109: file z:/build/build/src/ipc/chromium/src/chrome/common/ipc_channel_win.cc, line 346
1514477081849	addons.productaddons	INFO	sending request to: https://aus5.mozilla.org/update/3/GMP/57.0/20171112125346/WINNT_x86_64-msvc-x64/en-US/release-cck-mozilla80/Windows_NT%206.1.1.0%20(x64)/mozilla80/1.0/update.xml
1514477082978	addons.productaddons	INFO	Completed downloading document
1514477083767	addons.productaddons	INFO	downloadXHR File download. status=200
1514477083785	addons.productaddons	INFO	Downloaded file will be saved to C:\Users\Magha\AppData\Local\Temp\tmpaddon-78b5f8

Build info: version: '2.53.0', revision: '35ae25b', time: '2016-03-15 16:57:40'
System info: host: 'Megha-PC', ip: '192.168.43.11', os.name: 'Windows 7', os.arch: 'amd64', os.version: '6.1', java.version: '1.8.0_151'
Driver info: driver.version: FirefoxDriver
	at org.openqa.selenium.firefox.internal.NewProfileExtensionConnection.start(NewProfileExtensionConnection.java:124)
	at org.openqa.selenium.firefox.FirefoxDriver.startClient(FirefoxDriver.java:271)
	at org.openqa.selenium.remote.RemoteWebDriver.<init>(RemoteWebDriver.java:119)
	at org.openqa.selenium.firefox.FirefoxDriver.<init>(FirefoxDriver.java:218)
	at org.openqa.selenium.firefox.FirefoxDriver.<init>(FirefoxDriver.java:211)
	at org.openqa.selenium.firefox.FirefoxDriver.<init>(FirefoxDriver.java:207)
	at org.openqa.selenium.firefox.FirefoxDriver.<init>(FirefoxDriver.java:120)
	at framework.Navigator.launchBrowser(Navigator.java:59)
	at base.BaseTestCase.beforeMethod(BaseTestCase.java:63)
	at sun.reflect.NativeMethodAccessorImpl.invoke0(Native Method)
	at sun.reflect.NativeMethodAccessorImpl.invoke(Unknown Source)
	at sun.reflect.DelegatingMethodAccessorImpl.invoke(Unknown Source)
	at java.lang.reflect.Method.invoke(Unknown Source)
	at org.testng.internal.MethodInvocationHelper.invokeMethod(MethodInvocationHelper.java:84)
	at org.testng.internal.Invoker.invokeConfigurationMethod(Invoker.java:564)
	at org.testng.internal.Invoker.invokeConfigurations(Invoker.java:213)
	at org.testng.internal.Invoker.invokeMethod(Invoker.java:653)
	at org.testng.internal.Invoker.invokeTestMethod(Invoker.java:901)
	at org.testng.internal.Invoker.invokeTestMethods(Invoker.java:1231)
	at org.testng.internal.TestMethodWorker.invokeTestMethods(TestMethodWorker.java:127)
	at org.testng.internal.TestMethodWorker.run(TestMethodWorker.java:111)
	at org.testng.TestRunner.privateRun(TestRunner.java:767)
	at org.testng.TestRunner.run(TestRunner.java:617)
	at org.testng.SuiteRunner.runTest(SuiteRunner.java:334)
	at org.testng.SuiteRunner.runSequentially(SuiteRunner.java:329)
	at org.testng.SuiteRunner.privateRun(SuiteRunner.java:291)
	at org.testng.SuiteRunner.run(SuiteRunner.java:240)
	at org.testng.SuiteRunnerWorker.runSuite(SuiteRunnerWorker.java:52)
	at org.testng.SuiteRunnerWorker.run(SuiteRunnerWorker.java:86)
	at org.testng.TestNG.runSuitesSequentially(TestNG.java:1224)
	at org.testng.TestNG.runSuitesLocally(TestNG.java:1149)
	at org.testng.TestNG.run(TestNG.java:1057)
	at org.testng.remote.AbstractRemoteTestNG.run(AbstractRemoteTestNG.java:114)
	at org.testng.remote.RemoteTestNG.initAndRun(RemoteTestNG.java:251)
	at org.testng.remote.RemoteTestNG.main(RemoteTestNG.java:77)
Caused by: org.openqa.selenium.firefox.NotConnectedException: Unable to connect to host 127.0.0.1 on port 7055 after 45000 ms. Firefox console output:
 Firefox\browser\features\activity-stream@mozilla.org.xpi
1514477054554	addons.xpi	INFO	Mapping aushelper@mozilla.org to C:\Program Files (x86)\Mozilla Firefox\browser\features\aushelper@mozilla.org.xpi
1514477054554	addons.xpi	INFO	Mapping e10srollout@mozilla.org to C:\Program Files (x86)\Mozilla Firefox\browser\features\e10srollout@mozilla.org.xpi
1514477054554	addons.xpi	INFO	Mapping firefox@getpocket.com to C:\Program Files (x86)\Mozilla Firefox\browser\features\firefox@getpocket.com.xpi
1514477054554	addons.xpi	INFO	Mapping followonsearch@mozilla.com to C:\Program Files (x86)\Mozilla Firefox\browser\features\followonsearch@mozilla.com.xpi
1514477054554	addons.xpi	INFO	Mapping formautofill@mozilla.org to C:\Program Files (x86)\Mozilla Firefox\browser\features\formautofill@mozilla.org.xpi
1514477054555	addons.xpi	INFO	Mapping onboarding@mozilla.org to C:\Program Files (x86)\Mozilla Firefox\browser\features\onboarding@mozilla.org.xpi
1514477054555	addons.xpi	INFO	Mapping screenshots@mozilla.org to C:\Program Files (x86)\Mozilla Firefox\browser\features\screenshots@mozilla.org.xpi
1514477054555	addons.xpi	INFO	Mapping shield-recipe-client@mozilla.org to C:\Program Files (x86)\Mozilla Firefox\browser\features\shield-recipe-client@mozilla.org.xpi
1514477054556	addons.xpi	INFO	Mapping webcompat@mozilla.org to C:\Program Files (x86)\Mozilla Firefox\browser\features\webcompat@mozilla.org.xpi
1514477054557	addons.xpi	DEBUG	Existing add-on activity-stream@mozilla.org in app-system-defaults
1514477054558	addons.xpi	DEBUG	Existing add-on aushelper@mozilla.org in app-system-defaults
1514477054559	addons.xpi	DEBUG	Existing add-on e10srollout@mozilla.org in app-system-defaults
1514477054560	addons.xpi	DEBUG	Existing add-on firefox@getpocket.com in app-system-defaults
1514477054561	addons.xpi	DEBUG	Existing add-on followonsearch@mozilla.com in app-system-defaults
1514477054561	addons.xpi	DEBUG	Existing add-on formautofill@mozilla.org in app-system-defaults
1514477054561	addons.xpi	DEBUG	Existing add-on onboarding@mozilla.org in app-system-defaults
1514477054562	addons.xpi	DEBUG	Existing add-on screenshots@mozilla.org in app-system-defaults
1514477054562	addons.xpi	DEBUG	Existing add-on shield-recipe-client@mozilla.org in app-system-defaults
1514477054563	addons.xpi	DEBUG	Existing add-on webcompat@mozilla.org in app-system-defaults
1514477054565	addons.xpi	INFO	Mapping {972ce4c6-7e08-4474-a285-3208198ce6fd} to C:\Program Files (x86)\Mozilla Firefox\browser\extensions\{972ce4c6-7e08-4474-a285-3208198ce6fd}.xpi
1514477054565	addons.xpi	DEBUG	Existing add-on {972ce4c6-7e08-4474-a285-3208198ce6fd} in app-global
1514477054566	addons.xpi	DEBUG	getInstallState changed: false, state: {}
Unable to read VR Path Registry from C:\Users\Magha\AppData\Local\openvr\openvrpaths.vrpath
JavaScript error: jar:file:///C:/Program%20Files%20(x86)/Mozilla%20Firefox/omni.ja!/components/nsSearchService.js, line 1748: NS_ERROR_NOT_AVAILABLE: Component returned failure code: 0x80040111 (NS_ERROR_NOT_AVAILABLE) [nsIChannel.contentType]
[Parent 5428, Gecko_IOThread] WARNING: pipe error: 109: file z:/build/build/src/ipc/chromium/src/chrome/common/ipc_channel_win.cc, line 346
Unable to read VR Path Registry from C:\Users\Magha\AppData\Local\openvr\openvrpaths.vrpath
[Child 6872, Chrome_ChildThread] WARNING: pipe error: 109: file z:/build/build/src/ipc/chromium/src/chrome/common/ipc_channel_win.cc, line 346
[Child 6872, Chrome_ChildThread] WARNING: pipe error: 109: file z:/build/build/src/ipc/chromium/src/chrome/common/ipc_channel_win.cc, line 346
1514477081849	addons.productaddons	INFO	sending request to: https://aus5.mozilla.org/update/3/GMP/57.0/20171112125346/WINNT_x86_64-msvc-x64/en-US/release-cck-mozilla80/Windows_NT%206.1.1.0%20(x64)/mozilla80/1.0/update.xml
1514477082978	addons.productaddons	INFO	Completed downloading document
1514477083767	addons.productaddons	INFO	downloadXHR File download. status=200
1514477083785	addons.productaddons	INFO	Downloaded file will be saved to C:\Users\Magha\AppData\Local\Temp\tmpaddon-78b5f8

	at org.openqa.selenium.firefox.internal.NewProfileExtensionConnection.start(NewProfileExtensionConnection.java:112)
	... 34 more
]]>
    </failure>
  </testcase> <!-- @BeforeMethod beforeMethod -->
  <testcase name="@AfterMethod afterMethod" time="0.0" classname="AdidasUI.AdidasUITest">
    <skipped/>
  </testcase> <!-- @AfterMethod afterMethod -->
  <testcase name="@BeforeMethod beforeMethod" time="0.0" classname="AdidasUI.AdidasUITest">
    <skipped/>
  </testcase> <!-- @BeforeMethod beforeMethod -->
  <testcase name="@AfterMethod afterMethod" time="0.0" classname="AdidasUI.AdidasUITest">
    <skipped/>
  </testcase> <!-- @AfterMethod afterMethod -->
  <testcase name="@AfterTest afterTest" time="0.0" classname="AdidasUI.AdidasUITest">
    <skipped/>
  </testcase> <!-- @AfterTest afterTest -->
  <testcase name="AdidasUI_Category_VerifyProductItemAndPriceTest" time="0.016" classname="AdidasUI.AdidasUITest">
    <skipped/>
  </testcase> <!-- AdidasUI_Category_VerifyProductItemAndPriceTest -->
  <testcase name="AdidasUI_Category_VerifyProductItemAndPriceTest" time="0.0" classname="AdidasUI.AdidasUITest">
    <skipped/>
  </testcase> <!-- AdidasUI_Category_VerifyProductItemAndPriceTest -->
</testsuite> <!-- AdidasUIFirefoxTests -->
